22:22:51.367 [main] INFO  testCases.TC_001_AccountRegistration - **** Started Exicuting TC_001_AccountRegistration **** 
22:22:51.593 [main] INFO  testCases.TC_001_AccountRegistration - Clicked On My Account
22:22:52.660 [main] INFO  testCases.TC_001_AccountRegistration - Providing Customer details....
22:22:54.876 [main] INFO  testCases.TC_001_AccountRegistration - Validating Registering Account
19:40:29.300 [main] INFO  testCases.TC_001_AccountRegistration - **** Started Exicuting TC_001_AccountRegistration **** 
19:40:29.487 [main] INFO  testCases.TC_001_AccountRegistration - Clicked On My Account
19:40:30.118 [main] INFO  testCases.TC_001_AccountRegistration - Providing Customer details....
19:40:32.041 [main] INFO  testCases.TC_001_AccountRegistration - Validating Registering Account
19:57:20.996 [main] INFO  testCases.TC_001_AccountRegistration - **** Started Exicuting TC_001_AccountRegistration **** 
19:58:12.877 [main] INFO  testCases.TC_001_AccountRegistration - **** Started Exicuting TC_001_AccountRegistration **** 
20:00:07.944 [main] INFO  testCases.TC_001_AccountRegistration - **** Started Exicuting TC_001_AccountRegistration **** 
20:00:08.575 [main] INFO  testCases.TC_001_AccountRegistration - Clicked On My Account
20:00:09.671 [main] INFO  testCases.TC_001_AccountRegistration - Providing Customer details....
20:00:11.863 [main] INFO  testCases.TC_001_AccountRegistration - Validating Registering Account
20:00:34.234 [main] INFO  testCases.TC_001_AccountRegistration - **** Started Exicuting TC_001_AccountRegistration **** 
20:00:54.865 [main] INFO  testCases.TC_001_AccountRegistration - **** Started Exicuting TC_001_AccountRegistration **** 
20:01:37.609 [main] INFO  testCases.TC_001_AccountRegistration - **** Started Exicuting TC_001_AccountRegistration **** 
20:02:52.729 [main] INFO  testCases.TC_001_AccountRegistration - **** Started Exicuting TC_001_AccountRegistration **** 
20:23:02.986 [main] INFO  testCases.TC_001_AccountRegistration - **** Started Exicuting TC_001_AccountRegistration **** 
20:23:03.294 [main] INFO  testCases.TC_001_AccountRegistration - Clicked On My Account
20:23:08.966 [main] INFO  testCases.TC_001_AccountRegistration - Providing Customer details....
20:23:10.898 [main] INFO  testCases.TC_001_AccountRegistration - Validating Registering Account
20:33:27.252 [main] INFO  testCases.TC_001_AccountRegistration - **** Started Exicuting TC_001_AccountRegistration **** 
20:33:27.410 [main] INFO  testCases.TC_001_AccountRegistration - Clicked On My Account
20:33:28.126 [main] INFO  testCases.TC_001_AccountRegistration - Providing Customer details....
20:33:29.794 [main] INFO  testCases.TC_001_AccountRegistration - Validating Registering Account
21:34:22.318 [main] INFO  testCases.TC_001_AccountRegistration - **** Started Exicuting TC_001_AccountRegistration **** 
21:34:22.489 [main] INFO  testCases.TC_001_AccountRegistration - Clicked On My Account
21:34:24.042 [main] INFO  testCases.TC_001_AccountRegistration - Providing Customer details....
21:34:26.139 [main] INFO  testCases.TC_001_AccountRegistration - Validating Registering Account
19:23:59.064 [main] INFO  testCases.TC_002_Login - *** Logging into Account ***
19:23:59.839 [main] INFO  testCases.TC_002_Login - Entering Email & Password.....
19:34:55.208 [main] INFO  testCases.TC_002_Login - *** Logging into Account ***
19:34:55.797 [main] INFO  testCases.TC_002_Login - Entering Email & Password.....
19:34:57.137 [main] INFO  testCases.TC_002_Login - Logged In Successgfully....
21:41:30.598 [main] INFO  testCases.TC_002_Login - *** Logging into Account ***
21:41:31.159 [main] INFO  testCases.TC_002_Login - Entering Email & Password.....
21:41:32.465 [main] INFO  testCases.TC_002_Login - Logged In Successgfully....
21:49:31.942 [main] INFO  testCases.TC_002_Login - *** Logging into Account ***
21:49:32.446 [main] INFO  testCases.TC_002_Login - Entering Email & Password.....
21:49:33.579 [main] INFO  testCases.TC_002_Login - Logged In Successgfully....
21:51:27.378 [main] INFO  testCases.TC_002_Login - *** Logging into Account ***
21:51:28.100 [main] INFO  testCases.TC_002_Login - Entering Email & Password.....
21:51:31.574 [main] INFO  testCases.TC_002_Login - Logged In Successgfully....
21:51:54.196 [main] INFO  testCases.TC_001_AccountRegistration - **** Started Exicuting TC_001_AccountRegistration **** 
21:51:54.639 [main] INFO  testCases.TC_001_AccountRegistration - Clicked On My Account
21:51:57.095 [main] INFO  testCases.TC_001_AccountRegistration - Providing Customer details....
21:52:02.053 [main] INFO  testCases.TC_001_AccountRegistration - Validating Registering Account
